<?xml version="1.0" encoding="UTF-8"?>
<testsuite xmlns:xsi="http://www.w3.org/2001/XMLSchema-instance" xsi:noNamespaceSchemaLocation="https://maven.apache.org/surefire/maven-surefire-plugin/xsd/surefire-test-report-3.0.xsd" version="3.0" name="TestRuntime" time="0.091" tests="1" errors="0" skipped="0" failures="0">
  <properties>
    <property name="git.tags" value=""/>
    <property name="java.specification.version" value="17"/>
    <property name="git.build.version" value="3.1.0-SNAPSHOT"/>
    <property name="sun.jnu.encoding" value="UTF-8"/>
    <property name="java.class.path" value="/home/runner/work/vulnerable-spring-petclinic/vulnerable-spring-petclinic/Log4ShellServer/target/test-classes:/home/runner/work/vulnerable-spring-petclinic/vulnerable-spring-petclinic/Log4ShellServer/target/classes:/home/runner/.m2/repository/org/springframework/spring-web/5.3.31/spring-web-5.3.31.jar:/home/runner/.m2/repository/org/springframework/spring-beans/5.3.31/spring-beans-5.3.31.jar:/home/runner/.m2/repository/org/springframework/spring-core/5.3.31/spring-core-5.3.31.jar:/home/runner/.m2/repository/org/springframework/spring-jcl/5.3.31/spring-jcl-5.3.31.jar:/home/runner/.m2/repository/commons-io/commons-io/2.17.0/commons-io-2.17.0.jar:/home/runner/.m2/repository/org/apache/logging/log4j/log4j-slf4j2-impl/2.20.0/log4j-slf4j2-impl-2.20.0.jar:/home/runner/.m2/repository/org/apache/logging/log4j/log4j-api/2.20.0/log4j-api-2.20.0.jar:/home/runner/.m2/repository/org/slf4j/slf4j-api/2.0.6/slf4j-api-2.0.6.jar:/home/runner/.m2/repository/org/apache/logging/log4j/log4j-core/2.20.0/log4j-core-2.20.0.jar:/home/runner/.m2/repository/org/apache/logging/log4j/log4j-jul/2.20.0/log4j-jul-2.20.0.jar:/home/runner/.m2/repository/org/ow2/asm/asm/7.1/asm-7.1.jar:/home/runner/.m2/repository/org/javassist/javassist/3.19.0-GA/javassist-3.19.0-GA.jar:/home/runner/.m2/repository/org/reflections/reflections/0.9.9/reflections-0.9.9.jar:/home/runner/.m2/repository/com/google/guava/guava/15.0/guava-15.0.jar:/home/runner/.m2/repository/com/google/code/findbugs/annotations/2.0.1/annotations-2.0.1.jar:/home/runner/.m2/repository/org/slf4j/slf4j-nop/1.7.24/slf4j-nop-1.7.24.jar:/home/runner/.m2/repository/org/apache/commons/commons-lang3/3.4/commons-lang3-3.4.jar:/home/runner/.m2/repository/commons-cli/commons-cli/1.3/commons-cli-1.3.jar:/home/runner/.m2/repository/com/unboundid/unboundid-ldapsdk/3.1.1/unboundid-ldapsdk-3.1.1.jar:/home/runner/.m2/repository/org/eclipse/jetty/aggregate/jetty-webapp/8.1.9.v20130131/jetty-webapp-8.1.9.v20130131.jar:/home/runner/.m2/repository/org/eclipse/jetty/orbit/javax.servlet/3.0.0.v201112011016/javax.servlet-3.0.0.v201112011016.jar:/home/runner/.m2/repository/org/apache/tomcat/tomcat-catalina/8.5.38/tomcat-catalina-8.5.38.jar:/home/runner/.m2/repository/org/apache/tomcat/tomcat-servlet-api/8.5.38/tomcat-servlet-api-8.5.38.jar:/home/runner/.m2/repository/org/apache/tomcat/tomcat-jsp-api/8.5.38/tomcat-jsp-api-8.5.38.jar:/home/runner/.m2/repository/org/apache/tomcat/tomcat-juli/8.5.38/tomcat-juli-8.5.38.jar:/home/runner/.m2/repository/org/apache/tomcat/tomcat-annotations-api/8.5.38/tomcat-annotations-api-8.5.38.jar:/home/runner/.m2/repository/org/apache/tomcat/tomcat-api/8.5.38/tomcat-api-8.5.38.jar:/home/runner/.m2/repository/org/apache/tomcat/tomcat-jni/8.5.38/tomcat-jni-8.5.38.jar:/home/runner/.m2/repository/org/apache/tomcat/tomcat-coyote/8.5.38/tomcat-coyote-8.5.38.jar:/home/runner/.m2/repository/org/apache/tomcat/tomcat-util/8.5.38/tomcat-util-8.5.38.jar:/home/runner/.m2/repository/org/apache/tomcat/tomcat-util-scan/8.5.38/tomcat-util-scan-8.5.38.jar:/home/runner/.m2/repository/org/apache/tomcat/tomcat-jaspic-api/8.5.38/tomcat-jaspic-api-8.5.38.jar:/home/runner/.m2/repository/org/apache/tomcat/tomcat-jasper-el/8.5.38/tomcat-jasper-el-8.5.38.jar:/home/runner/.m2/repository/org/apache/tomcat/tomcat-el-api/8.5.38/tomcat-el-api-8.5.38.jar:/home/runner/.m2/repository/junit/junit/4.12/junit-4.12.jar:/home/runner/.m2/repository/org/hamcrest/hamcrest-core/1.3/hamcrest-core-1.3.jar:"/>
    <property name="git.branch" value="main"/>
    <property name="git.build.host" value="fv-az1316-944"/>
    <property name="java.vm.vendor" value="Eclipse Adoptium"/>
    <property name="sun.arch.data.model" value="64"/>
    <property name="git.commit.id" value="fe7800ddb53e703446a08611ccbc1a386b33301a"/>
    <property name="java.vendor.url" value="https://adoptium.net/"/>
    <property name="java.vm.specification.version" value="17"/>
    <property name="os.name" value="Linux"/>
    <property name="git.commit.author.time" value="2025-06-18T13:36:41+0000"/>
    <property name="sun.java.launcher" value="SUN_STANDARD"/>
    <property name="git.build.user.name" value="GitHub Action"/>
    <property name="sun.boot.library.path" value="/usr/lib/jvm/temurin-17-jdk-amd64/lib"/>
    <property name="sun.java.command" value="/home/runner/work/vulnerable-spring-petclinic/vulnerable-spring-petclinic/Log4ShellServer/target/surefire/surefirebooter-20250626202943710_3.jar /home/runner/work/vulnerable-spring-petclinic/vulnerable-spring-petclinic/Log4ShellServer/target/surefire 2025-06-26T20-29-43_604-jvmRun1 surefire-20250626202943710_1tmp surefire_0-20250626202943710_2tmp"/>
    <property name="jdk.debug" value="release"/>
    <property name="surefire.test.class.path" value="/home/runner/work/vulnerable-spring-petclinic/vulnerable-spring-petclinic/Log4ShellServer/target/test-classes:/home/runner/work/vulnerable-spring-petclinic/vulnerable-spring-petclinic/Log4ShellServer/target/classes:/home/runner/.m2/repository/org/springframework/spring-web/5.3.31/spring-web-5.3.31.jar:/home/runner/.m2/repository/org/springframework/spring-beans/5.3.31/spring-beans-5.3.31.jar:/home/runner/.m2/repository/org/springframework/spring-core/5.3.31/spring-core-5.3.31.jar:/home/runner/.m2/repository/org/springframework/spring-jcl/5.3.31/spring-jcl-5.3.31.jar:/home/runner/.m2/repository/commons-io/commons-io/2.17.0/commons-io-2.17.0.jar:/home/runner/.m2/repository/org/apache/logging/log4j/log4j-slf4j2-impl/2.20.0/log4j-slf4j2-impl-2.20.0.jar:/home/runner/.m2/repository/org/apache/logging/log4j/log4j-api/2.20.0/log4j-api-2.20.0.jar:/home/runner/.m2/repository/org/slf4j/slf4j-api/2.0.6/slf4j-api-2.0.6.jar:/home/runner/.m2/repository/org/apache/logging/log4j/log4j-core/2.20.0/log4j-core-2.20.0.jar:/home/runner/.m2/repository/org/apache/logging/log4j/log4j-jul/2.20.0/log4j-jul-2.20.0.jar:/home/runner/.m2/repository/org/ow2/asm/asm/7.1/asm-7.1.jar:/home/runner/.m2/repository/org/javassist/javassist/3.19.0-GA/javassist-3.19.0-GA.jar:/home/runner/.m2/repository/org/reflections/reflections/0.9.9/reflections-0.9.9.jar:/home/runner/.m2/repository/com/google/guava/guava/15.0/guava-15.0.jar:/home/runner/.m2/repository/com/google/code/findbugs/annotations/2.0.1/annotations-2.0.1.jar:/home/runner/.m2/repository/org/slf4j/slf4j-nop/1.7.24/slf4j-nop-1.7.24.jar:/home/runner/.m2/repository/org/apache/commons/commons-lang3/3.4/commons-lang3-3.4.jar:/home/runner/.m2/repository/commons-cli/commons-cli/1.3/commons-cli-1.3.jar:/home/runner/.m2/repository/com/unboundid/unboundid-ldapsdk/3.1.1/unboundid-ldapsdk-3.1.1.jar:/home/runner/.m2/repository/org/eclipse/jetty/aggregate/jetty-webapp/8.1.9.v20130131/jetty-webapp-8.1.9.v20130131.jar:/home/runner/.m2/repository/org/eclipse/jetty/orbit/javax.servlet/3.0.0.v201112011016/javax.servlet-3.0.0.v201112011016.jar:/home/runner/.m2/repository/org/apache/tomcat/tomcat-catalina/8.5.38/tomcat-catalina-8.5.38.jar:/home/runner/.m2/repository/org/apache/tomcat/tomcat-servlet-api/8.5.38/tomcat-servlet-api-8.5.38.jar:/home/runner/.m2/repository/org/apache/tomcat/tomcat-jsp-api/8.5.38/tomcat-jsp-api-8.5.38.jar:/home/runner/.m2/repository/org/apache/tomcat/tomcat-juli/8.5.38/tomcat-juli-8.5.38.jar:/home/runner/.m2/repository/org/apache/tomcat/tomcat-annotations-api/8.5.38/tomcat-annotations-api-8.5.38.jar:/home/runner/.m2/repository/org/apache/tomcat/tomcat-api/8.5.38/tomcat-api-8.5.38.jar:/home/runner/.m2/repository/org/apache/tomcat/tomcat-jni/8.5.38/tomcat-jni-8.5.38.jar:/home/runner/.m2/repository/org/apache/tomcat/tomcat-coyote/8.5.38/tomcat-coyote-8.5.38.jar:/home/runner/.m2/repository/org/apache/tomcat/tomcat-util/8.5.38/tomcat-util-8.5.38.jar:/home/runner/.m2/repository/org/apache/tomcat/tomcat-util-scan/8.5.38/tomcat-util-scan-8.5.38.jar:/home/runner/.m2/repository/org/apache/tomcat/tomcat-jaspic-api/8.5.38/tomcat-jaspic-api-8.5.38.jar:/home/runner/.m2/repository/org/apache/tomcat/tomcat-jasper-el/8.5.38/tomcat-jasper-el-8.5.38.jar:/home/runner/.m2/repository/org/apache/tomcat/tomcat-el-api/8.5.38/tomcat-el-api-8.5.38.jar:/home/runner/.m2/repository/junit/junit/4.12/junit-4.12.jar:/home/runner/.m2/repository/org/hamcrest/hamcrest-core/1.3/hamcrest-core-1.3.jar:"/>
    <property name="sun.cpu.endian" value="little"/>
    <property name="user.home" value="/home/runner"/>
    <property name="user.language" value="en"/>
    <property name="git.closest.tag.commit.count" value=""/>
    <property name="java.specification.vendor" value="Oracle Corporation"/>
    <property name="java.version.date" value="2025-04-15"/>
    <property name="java.home" value="/usr/lib/jvm/temurin-17-jdk-amd64"/>
    <property name="git.total.commit.count" value="951"/>
    <property name="file.separator" value="/"/>
    <property name="basedir" value="/home/runner/work/vulnerable-spring-petclinic/vulnerable-spring-petclinic/Log4ShellServer"/>
    <property name="java.vm.compressedOopsMode" value="Zero based"/>
    <property name="line.separator" value="&#10;"/>
    <property name="git.build.user.email" value="action@github.com"/>
    <property name="git.commit.committer.time" value="2025-06-18T13:36:41+0000"/>
    <property name="java.specification.name" value="Java Platform API Specification"/>
    <property name="java.vm.specification.vendor" value="Oracle Corporation"/>
    <property name="git.closest.tag.name" value=""/>
    <property name="git.local.branch.ahead" value="NO_REMOTE"/>
    <property name="git.build.time" value="2023-05-10T07:42:50+0000"/>
    <property name="surefire.real.class.path" value="/home/runner/work/vulnerable-spring-petclinic/vulnerable-spring-petclinic/Log4ShellServer/target/surefire/surefirebooter-20250626202943710_3.jar"/>
    <property name="git.commit.message.full" value="Update smartfix.yml"/>
    <property name="sun.management.compiler" value="HotSpot 64-Bit Tiered Compilers"/>
    <property name="java.runtime.version" value="17.0.15+6"/>
    <property name="user.name" value="runner"/>
    <property name="path.separator" value=":"/>
    <property name="os.version" value="6.11.0-1015-azure"/>
    <property name="java.runtime.name" value="OpenJDK Runtime Environment"/>
    <property name="file.encoding" value="UTF-8"/>
    <property name="git.commit.user.email" value="127356935+contrastwill@users.noreply.github.com"/>
    <property name="java.vm.name" value="OpenJDK 64-Bit Server VM"/>
    <property name="java.vendor.version" value="Temurin-17.0.15+6"/>
    <property name="git.local.branch.behind" value="NO_REMOTE"/>
    <property name="git.dirty" value="false"/>
    <property name="localRepository" value="/home/runner/.m2/repository"/>
    <property name="java.vendor.url.bug" value="https://github.com/adoptium/adoptium-support/issues"/>
    <property name="java.io.tmpdir" value="/tmp"/>
    <property name="java.version" value="17.0.15"/>
    <property name="user.dir" value="/home/runner/work/vulnerable-spring-petclinic/vulnerable-spring-petclinic/Log4ShellServer"/>
    <property name="os.arch" value="amd64"/>
    <property name="git.commit.user.name" value="contrastwill"/>
    <property name="git.commit.id.abbrev" value="fe7800d"/>
    <property name="java.vm.specification.name" value="Java Virtual Machine Specification"/>
    <property name="git.commit.id.describe-short" value="fe7800d"/>
    <property name="git.commit.id.describe" value="fe7800d"/>
    <property name="native.encoding" value="UTF-8"/>
    <property name="java.library.path" value="/opt/hostedtoolcache/Python/3.11.13/x64/lib:/usr/java/packages/lib:/usr/lib64:/lib64:/lib:/usr/lib"/>
    <property name="git.commit.message.short" value="Update smartfix.yml"/>
    <property name="java.vm.info" value="mixed mode, sharing"/>
    <property name="java.vendor" value="Eclipse Adoptium"/>
    <property name="java.vm.version" value="17.0.15+6"/>
    <property name="java.specification.maintenance.version" value="1"/>
    <property name="sun.io.unicode.encoding" value="UnicodeLittle"/>
    <property name="java.class.version" value="61.0"/>
    <property name="git.commit.time" value="2025-06-18T13:36:41+0000"/>
    <property name="git.remote.origin.url" value="https://github.com/contrastwill/vulnerable-spring-petclinic"/>
  </properties>
  <testcase name="testRuntime" classname="TestRuntime" time="0.017"/>
</testsuite>